Using pre-set license
Built from '6000.0/release' branch; Version is '6000.0.29f1 (9fafe5c9db65) revision 10465253'; Using compiler version '193933523'; Build Type 'Release'
OS: 'Windows 10  (10.0.19045) 64bit Core' Language: 'en' Physical Memory: 15776 MB
BatchMode: 1, IsHumanControllingUs: 0, StartBugReporterOnCrash: 0, Is64bit: 1, IsPro: 1

COMMAND LINE ARGUMENTS:
C:\Program Files\Unity\Hub\Editor\6000.0.29f1\Editor\Unity.exe
-adb2
-batchMode
-noUpm
-name
AssetImportWorker1
-projectPath
C:/Users/willi/Documents/GameJams/WizardTowerOfPower
-logFile
Logs/AssetImportWorker1.log
-srvPort
62507
-job-worker-count
7
-background-job-worker-count
8
-asset-garbage-collectors
1
Successfully changed project path to: C:/Users/willi/Documents/GameJams/WizardTowerOfPower
C:/Users/willi/Documents/GameJams/WizardTowerOfPower
[UnityMemory] Configuration Parameters - Can be set up in boot.config
    "memorysetup-bucket-allocator-granularity=16"
    "memorysetup-bucket-allocator-bucket-count=8"
    "memorysetup-bucket-allocator-block-size=33554432"
    "memorysetup-bucket-allocator-block-count=8"
    "memorysetup-main-allocator-block-size=16777216"
    "memorysetup-thread-allocator-block-size=16777216"
    "memorysetup-gfx-main-allocator-block-size=16777216"
    "memorysetup-gfx-thread-allocator-block-size=16777216"
    "memorysetup-cache-allocator-block-size=4194304"
    "memorysetup-typetree-allocator-block-size=2097152"
    "memorysetup-profiler-bucket-allocator-granularity=16"
    "memorysetup-profiler-bucket-allocator-bucket-count=8"
    "memorysetup-profiler-bucket-allocator-block-size=33554432"
    "memorysetup-profiler-bucket-allocator-block-count=8"
    "memorysetup-profiler-allocator-block-size=16777216"
    "memorysetup-profiler-editor-allocator-block-size=1048576"
    "memorysetup-temp-allocator-size-main=16777216"
    "memorysetup-job-temp-allocator-block-size=2097152"
    "memorysetup-job-temp-allocator-block-size-background=1048576"
    "memorysetup-job-temp-allocator-reduction-small-platforms=262144"
    "memorysetup-allocator-temp-initial-block-size-main=262144"
    "memorysetup-allocator-temp-initial-block-size-worker=262144"
    "memorysetup-temp-allocator-size-background-worker=32768"
    "memorysetup-temp-allocator-size-job-worker=262144"
    "memorysetup-temp-allocator-size-preload-manager=33554432"
    "memorysetup-temp-allocator-size-nav-mesh-worker=65536"
    "memorysetup-temp-allocator-size-audio-worker=65536"
    "memorysetup-temp-allocator-size-cloud-worker=32768"
    "memorysetup-temp-allocator-size-gi-baking-worker=262144"
    "memorysetup-temp-allocator-size-gi-baking-worker=262144"
    "memorysetup-temp-allocator-size-gi-baking-worker=262144"
    "memorysetup-temp-allocator-size-gi-baking-worker=262144"
    "memorysetup-temp-allocator-size-gi-baking-worker=262144"
    "memorysetup-temp-allocator-size-gfx=262144"
Player connection [29144]  Target information:

Player connection [29144]  * "[IP] 192.168.0.84 [Port] 0 [Flags] 2 [Guid] 3052160345 [EditorId] 3052160345 [Version] 1048832 [Id] WindowsEditor(7,LAPTOP-EI7M1NKJ) [Debug] 1 [PackageName] WindowsEditor [ProjectName] Editor" 

Player connection [29144] Host joined multi-casting on [225.0.0.222:54997]...
Player connection [29144] Host joined alternative multi-casting on [225.0.0.222:34997]...
JobSystem: Creating JobQueue using job-worker-count value 7
[Physics::Module] Initialized fallback backend.
[Physics::Module] Id: 0xdecafbad
Library Redirect Path: Library/
[Physics::Module] Selected backend.
[Physics::Module] Name: PhysX
[Physics::Module] Id: 0xf2b8ea05
[Physics::Module] SDK Version: 4.1.2
[Physics::Module] Integration Version: 1.0.0
[Physics::Module] Threading Mode: Multi-Threaded
Refreshing native plugins compatible for Editor in 484.62 ms, found 7 plugins.
Preloading 0 native plugins for Editor in 0.00 ms.
Initialize engine version: 6000.0.29f1 (9fafe5c9db65)
[Subsystems] Discovering subsystems at path C:/Program Files/Unity/Hub/Editor/6000.0.29f1/Editor/Data/Resources/UnitySubsystems
[Subsystems] Discovering subsystems at path C:/Users/willi/Documents/GameJams/WizardTowerOfPower/Assets
GfxDevice: creating device client; kGfxThreadingModeNonThreaded
Direct3D:
    Version:  Direct3D 11.0 [level 11.1]
    Renderer: NVIDIA GeForce RTX 3070 Laptop GPU (ID=0x249d)
    Vendor:   NVIDIA
    VRAM:     8033 MB
    Driver:   31.0.15.4680
Initialize mono
Mono path[0] = 'C:/Program Files/Unity/Hub/Editor/6000.0.29f1/Editor/Data/Managed'
Mono path[1] = 'C:/Program Files/Unity/Hub/Editor/6000.0.29f1/Editor/Data/MonoBleedingEdge/lib/mono/unityjit-win32'
Mono config path = 'C:/Program Files/Unity/Hub/Editor/6000.0.29f1/Editor/Data/MonoBleedingEdge/etc'
Using monoOptions --debugger-agent=transport=dt_socket,embedding=1,server=y,suspend=n,address=127.0.0.1:56752
Begin MonoManager ReloadAssembly
Registering precompiled unity dll's ...
Register platform support module: C:/Program Files/Unity/Hub/Editor/6000.0.29f1/Editor/Data/PlaybackEngines/WebGLSupport/UnityEditor.WebGL.Extensions.dll
Register platform support module: C:/Program Files/Unity/Hub/Editor/6000.0.29f1/Editor/Data/PlaybackEngines/WindowsStandaloneSupport/UnityEditor.WindowsStandalone.Extensions.dll
Register platform support module: C:/Program Files/Unity/Hub/Editor/6000.0.29f1/Editor/Data/PlaybackEngines/AndroidPlayer/UnityEditor.Android.Extensions.dll
Register platform support module: C:/Program Files/Unity/Hub/Editor/6000.0.29f1/Editor/Data/PlaybackEngines/iOSSupport/UnityEditor.iOS.Extensions.dll
Registered in 1.214820 seconds.
- Loaded All Assemblies, in 19.190 seconds
[usbmuxd] Start listen thread
[usbmuxd] Listen thread started
Native extension for iOS target not found
Native extension for Android target not found
Android Extension - Scanning For ADB Devices 469 ms
Native extension for WindowsStandalone target not found
Native extension for WebGL target not found
Mono: successfully reloaded assembly
- Finished resetting the current domain, in  1.414 seconds
Domain Reload Profiling: 20598ms
	BeginReloadAssembly (14252ms)
		ExecutionOrderSort (0ms)
		DisableScriptedObjects (0ms)
		BackupInstance (0ms)
		ReleaseScriptingObjects (0ms)
		CreateAndSetChildDomain (1ms)
	RebuildCommonClasses (763ms)
	RebuildNativeTypeToScriptingClass (14ms)
	initialDomainReloadingComplete (1281ms)
	LoadAllAssembliesAndSetupDomain (2872ms)
		LoadAssemblies (14251ms)
		RebuildTransferFunctionScriptingTraits (0ms)
		AnalyzeDomain (2862ms)
			TypeCache.Refresh (2861ms)
				TypeCache.ScanAssembly (2497ms)
			BuildScriptInfoCaches (0ms)
			ResolveRequiredComponents (1ms)
	FinalizeReload (1415ms)
		ReleaseScriptCaches (0ms)
		RebuildScriptCaches (0ms)
		SetupLoadedEditorAssemblies (1377ms)
			LogAssemblyErrors (0ms)
			InitializePlatformSupportModulesInManaged (967ms)
			SetLoadedEditorAssemblies (5ms)
			BeforeProcessingInitializeOnLoad (9ms)
			ProcessInitializeOnLoadAttributes (232ms)
			ProcessInitializeOnLoadMethodAttributes (146ms)
			AfterProcessingInitializeOnLoad (18ms)
			EditorAssembliesLoaded (0ms)
		ExecutionOrderSort2 (0ms)
		AwakeInstancesAfterBackupRestoration (0ms)
Assembly reference Packages/com.unity.cinemachine/Editor/Samples/ExposeHDRPInternals/HDRP-Editor-ref.asmref has no target assembly definition
========================================================================
Worker process is ready to serve import requests
Import Worker Mode flag is 0x00
Assembly reference Packages/com.unity.cinemachine/Editor/Samples/ExposeHDRPInternals/HDRP-Editor-ref.asmref has no target assembly definition
Assembly reference Packages/com.unity.cinemachine/Editor/Samples/ExposeHDRPInternals/HDRP-Editor-ref.asmref has no target assembly definition
Begin MonoManager ReloadAssembly
- Loaded All Assemblies, in 15.668 seconds
Assembly reference Packages/com.unity.cinemachine/Editor/Samples/ExposeHDRPInternals/HDRP-Editor-ref.asmref has no target assembly definition
'Packages/com.unity.cinemachine/Editor/Obsolete/CinemachineVirtualCameraBaseEditor.cs' contains partial class of Unity.Object, exactly 1 of the partial classes needs to be in a file with the same filename. This is to know the one that can be referenced from ie. GameObjects
'Packages/com.unity.cinemachine/Editor/Editors/CinemachineVirtualCameraBaseEditor.cs' contains partial class of Unity.Object, exactly 1 of the partial classes needs to be in a file with the same filename. This is to know the one that can be referenced from ie. GameObjects
Refreshing native plugins compatible for Editor in 3.74 ms, found 7 plugins.
Native extension for iOS target not found
Native extension for Android target not found
Native extension for WindowsStandalone target not found
Native extension for WebGL target not found
Assembly reference Packages/com.unity.cinemachine/Editor/Samples/ExposeHDRPInternals/HDRP-Editor-ref.asmref has no target assembly definition
Package Manager log level set to [2]
[Package Manager] Failed to launch server process. Reason: Unity was launched with the -noUpm command-line argument
[Package Manager] Unable to send message (not connected to server process).
[Package Manager] Cannot connect to Unity Package Manager local server
Mono: successfully reloaded assembly
- Finished resetting the current domain, in  3.103 seconds
Domain Reload Profiling: 18761ms
	BeginReloadAssembly (276ms)
		ExecutionOrderSort (0ms)
		DisableScriptedObjects (8ms)
		BackupInstance (0ms)
		ReleaseScriptingObjects (0ms)
		CreateAndSetChildDomain (41ms)
	RebuildCommonClasses (53ms)
	RebuildNativeTypeToScriptingClass (14ms)
	initialDomainReloadingComplete (66ms)
	LoadAllAssembliesAndSetupDomain (15249ms)
		LoadAssemblies (14028ms)
		RebuildTransferFunctionScriptingTraits (0ms)
		AnalyzeDomain (1398ms)
			TypeCache.Refresh (1291ms)
				TypeCache.ScanAssembly (1206ms)
			BuildScriptInfoCaches (86ms)
			ResolveRequiredComponents (17ms)
	FinalizeReload (3103ms)
		ReleaseScriptCaches (0ms)
		RebuildScriptCaches (0ms)
		SetupLoadedEditorAssemblies (1492ms)
			LogAssemblyErrors (0ms)
			InitializePlatformSupportModulesInManaged (27ms)
			SetLoadedEditorAssemblies (6ms)
			BeforeProcessingInitializeOnLoad (211ms)
			ProcessInitializeOnLoadAttributes (897ms)
			ProcessInitializeOnLoadMethodAttributes (337ms)
			AfterProcessingInitializeOnLoad (13ms)
			EditorAssembliesLoaded (0ms)
		ExecutionOrderSort2 (0ms)
		AwakeInstancesAfterBackupRestoration (7ms)
Launched and connected shader compiler UnityShaderCompiler.exe after 0.05 seconds
Refreshing native plugins compatible for Editor in 8.77 ms, found 7 plugins.
Preloading 0 native plugins for Editor in 0.00 ms.
Unloading 218 Unused Serialized files (Serialized files now loaded: 0)
Unloading 6143 unused Assets / (5.1 MB). Loaded Objects now: 6838.
Memory consumption went from 175.4 MB to 170.3 MB.
Total: 11.137700 ms (FindLiveObjects: 0.745900 ms CreateObjectMapping: 0.961600 ms MarkObjects: 5.933300 ms  DeleteObjects: 3.495500 ms)

========================================================================
Received Import Request.
  Time since last request: 773704.593926 seconds.
  path: Assets/Scripts/Neural Net/NeuralNet.cs
  artifactKey: Guid(4a1a662792ef10248a127022f86972bb) Importer(815301076,1909f56bfc062723c751e8b465ee728b)
Start importing Assets/Scripts/Neural Net/NeuralNet.cs using Guid(4a1a662792ef10248a127022f86972bb) Importer(815301076,1909f56bfc062723c751e8b465ee728b) (PreviewImporter) -> (artifact id: 'd93965eeeeeed6f762c63df61748d79d') in 0.0243973 seconds
Number of updated asset objects reloaded before import = 0Number of asset objects unloaded after import = 0

========================================================================
Received Import Request.
  Time since last request: 340.781087 seconds.
  path: Assets/Models/GroutMaterial.mat
  artifactKey: Guid(f0fee2bb5b0321f48afb8b3fa06da492) Importer(815301076,1909f56bfc062723c751e8b465ee728b)
Start importing Assets/Models/GroutMaterial.mat using Guid(f0fee2bb5b0321f48afb8b3fa06da492) Importer(815301076,1909f56bfc062723c751e8b465ee728b) (PreviewImporter) -> (artifact id: 'fb59110cd7fc5a895e2c690ab84a0df9') in 0.947956 seconds
Number of updated asset objects reloaded before import = 0Number of asset objects unloaded after import = 2

========================================================================
Received Import Request.
  Time since last request: 0.000078 seconds.
  path: Assets/Models/WToP_Quill.blend
  artifactKey: Guid(ca1a16111017c4b71902262240a8bcf7) Importer(815301076,1909f56bfc062723c751e8b465ee728b)
Start importing Assets/Models/WToP_Quill.blend using Guid(ca1a16111017c4b71902262240a8bcf7) Importer(815301076,1909f56bfc062723c751e8b465ee728b) (PreviewImporter) -> (artifact id: 'c0d2f4c778a403083fb64ac63b9986e4') in 0.1855789 seconds
Number of updated asset objects reloaded before import = 0Number of asset objects unloaded after import = 10

========================================================================
Received Import Request.
  Time since last request: 0.000089 seconds.
  path: Assets/Marketing/Full.png
  artifactKey: Guid(9e43a1f342a572740b0c7b6be456d09a) Importer(815301076,1909f56bfc062723c751e8b465ee728b)
Start importing Assets/Marketing/Full.png using Guid(9e43a1f342a572740b0c7b6be456d09a) Importer(815301076,1909f56bfc062723c751e8b465ee728b) (PreviewImporter) -> (artifact id: 'a0d360973d8841fad441a6baabc673b5') in 0.0530025 seconds
Number of updated asset objects reloaded before import = 0Number of asset objects unloaded after import = 3

========================================================================
Received Import Request.
  Time since last request: 0.000027 seconds.
  path: Assets/Models/Material.002.mat
  artifactKey: Guid(051a007706b904fb9891ab57e7730525) Importer(815301076,1909f56bfc062723c751e8b465ee728b)
Start importing Assets/Models/Material.002.mat using Guid(051a007706b904fb9891ab57e7730525) Importer(815301076,1909f56bfc062723c751e8b465ee728b) (PreviewImporter) -> (artifact id: 'e8a36f14407800708509a1be1c47f42d') in 0.022308 seconds
Number of updated asset objects reloaded before import = 0Number of asset objects unloaded after import = 1

========================================================================
Received Import Request.
  Time since last request: 0.000027 seconds.
  path: Assets/Marketing/ExperimentsInMagic.png
  artifactKey: Guid(28d9c9358d2e8e448b423c461be02866) Importer(815301076,1909f56bfc062723c751e8b465ee728b)
Start importing Assets/Marketing/ExperimentsInMagic.png using Guid(28d9c9358d2e8e448b423c461be02866) Importer(815301076,1909f56bfc062723c751e8b465ee728b) (PreviewImporter) -> (artifact id: '9c914dbac5270d9d42017f351befbc7b') in 0.0304136 seconds
Number of updated asset objects reloaded before import = 0Number of asset objects unloaded after import = 3

========================================================================
Received Import Request.
  Time since last request: 0.000031 seconds.
  path: Assets/Models/WToP_Desk_v2.blend
  artifactKey: Guid(87b3be8d19ef7ef4b864654f2596a691) Importer(815301076,1909f56bfc062723c751e8b465ee728b)
Start importing Assets/Models/WToP_Desk_v2.blend using Guid(87b3be8d19ef7ef4b864654f2596a691) Importer(815301076,1909f56bfc062723c751e8b465ee728b) (PreviewImporter) -> (artifact id: '945795007790461b5d1ffda38d96774b') in 0.0630673 seconds
Number of updated asset objects reloaded before import = 0Number of asset objects unloaded after import = 16

========================================================================
Received Import Request.
  Time since last request: 0.000037 seconds.
  path: Assets/Models/Wood.mat
  artifactKey: Guid(208c9678d87c7164ba82890a6c273d88) Importer(815301076,1909f56bfc062723c751e8b465ee728b)
Start importing Assets/Models/Wood.mat using Guid(208c9678d87c7164ba82890a6c273d88) Importer(815301076,1909f56bfc062723c751e8b465ee728b) (PreviewImporter) -> (artifact id: '8d255a67b8a322e67f40665bf86c303d') in 0.0327172 seconds
Number of updated asset objects reloaded before import = 0Number of asset objects unloaded after import = 1

========================================================================
Received Import Request.
  Time since last request: 0.000028 seconds.
  path: Assets/Models/WToP_Fireplace.blend
  artifactKey: Guid(4608a700873d5444aa2b2673ba4f4852) Importer(815301076,1909f56bfc062723c751e8b465ee728b)
Start importing Assets/Models/WToP_Fireplace.blend using Guid(4608a700873d5444aa2b2673ba4f4852) Importer(815301076,1909f56bfc062723c751e8b465ee728b) (PreviewImporter) -> (artifact id: '9e56be5e872d339845a4818843b6349d') in 0.0940115 seconds
Number of updated asset objects reloaded before import = 0Number of asset objects unloaded after import = 23

========================================================================
Received Import Request.
  Time since last request: 0.000034 seconds.
  path: Assets/Models/WToP_Table.blend
  artifactKey: Guid(7f8e3fb5c153a452f90a69c65fdd1f70) Importer(815301076,1909f56bfc062723c751e8b465ee728b)
Start importing Assets/Models/WToP_Table.blend using Guid(7f8e3fb5c153a452f90a69c65fdd1f70) Importer(815301076,1909f56bfc062723c751e8b465ee728b) (PreviewImporter) -> (artifact id: '872d11cb1096aac6a673490703afa309') in 0.0674841 seconds
Number of updated asset objects reloaded before import = 0Number of asset objects unloaded after import = 16

========================================================================
Received Import Request.
  Time since last request: 0.000075 seconds.
  path: Assets/Models/WToP_Desk_v2 1.blend
  artifactKey: Guid(f02f2b9bfc8054542a17f06b0a402147) Importer(815301076,1909f56bfc062723c751e8b465ee728b)
Start importing Assets/Models/WToP_Desk_v2 1.blend using Guid(f02f2b9bfc8054542a17f06b0a402147) Importer(815301076,1909f56bfc062723c751e8b465ee728b) (PreviewImporter) -> (artifact id: '5010bbe7599f5c90ff0eb83f5917699d') in 0.1036588 seconds
Number of updated asset objects reloaded before import = 0Number of asset objects unloaded after import = 36

========================================================================
Received Import Request.
  Time since last request: 0.000029 seconds.
  path: Assets/Models/Material.002 2.mat
  artifactKey: Guid(64eb101c4a5714b3f92ffbda39ec6c54) Importer(815301076,1909f56bfc062723c751e8b465ee728b)
Start importing Assets/Models/Material.002 2.mat using Guid(64eb101c4a5714b3f92ffbda39ec6c54) Importer(815301076,1909f56bfc062723c751e8b465ee728b) (PreviewImporter) -> (artifact id: '2ab10c5c26f75a41c6f0326479190f1a') in 0.021305 seconds
Number of updated asset objects reloaded before import = 0Number of asset objects unloaded after import = 1

========================================================================
Received Import Request.
  Time since last request: 0.000031 seconds.
  path: Assets/Models/WToP_Apple.blend
  artifactKey: Guid(c7b19cb22bae8438faa9694c619529c5) Importer(815301076,1909f56bfc062723c751e8b465ee728b)
Start importing Assets/Models/WToP_Apple.blend using Guid(c7b19cb22bae8438faa9694c619529c5) Importer(815301076,1909f56bfc062723c751e8b465ee728b) (PreviewImporter) -> (artifact id: '4d240a5a41e73717039576978191a39a') in 0.0523399 seconds
Number of updated asset objects reloaded before import = 0Number of asset objects unloaded after import = 10

========================================================================
Received Import Request.
  Time since last request: 0.000042 seconds.
  path: Assets/Models/WToP_Scroll.blend
  artifactKey: Guid(c892c72dd12c642e48899eb8b256bc4f) Importer(815301076,1909f56bfc062723c751e8b465ee728b)
Start importing Assets/Models/WToP_Scroll.blend using Guid(c892c72dd12c642e48899eb8b256bc4f) Importer(815301076,1909f56bfc062723c751e8b465ee728b) (PreviewImporter) -> (artifact id: 'b0dbbbe6ba63cda556f924f097f9b122') in 0.041583 seconds
Number of updated asset objects reloaded before import = 0Number of asset objects unloaded after import = 9

Editor requested this worker to shutdown with reason: Scaling down because of idle timeout
AssetImportWorker is now disconnected from the server
Process exiting
Exiting without the bug reporter. Application will terminate with return code 0